  enemy.cpp
c:\users\aruru\desktop\git\team-gaba\モナーブラザーズ\モナーブラザーズ\enemy.cpp(28): warning C4244: '引数': 'float' から 'int' への変換です。データが失われる可能性があります。
  main.cpp
c:\users\aruru\desktop\git\team-gaba\モナーブラザーズ\モナーブラザーズ\main.cpp(119): warning C4551: 関数呼び出しに引数リストがありません。
  map.cpp
c:\users\aruru\desktop\git\team-gaba\モナーブラザーズ\モナーブラザーズ\map.cpp(55): warning C4244: '=': 'int' から 'float' への変換です。データが失われる可能性があります。
c:\users\aruru\desktop\git\team-gaba\モナーブラザーズ\モナーブラザーズ\map.cpp(56): warning C4244: '=': 'int' から 'float' への変換です。データが失われる可能性があります。
c:\users\aruru\desktop\git\team-gaba\モナーブラザーズ\モナーブラザーズ\map.cpp(60): warning C4244: '引数': 'float' から 'int' への変換です。データが失われる可能性があります。
c:\users\aruru\desktop\git\team-gaba\モナーブラザーズ\モナーブラザーズ\map.cpp(65): warning C4244: '引数': 'float' から 'int' への変換です。データが失われる可能性があります。
c:\users\aruru\desktop\git\team-gaba\モナーブラザーズ\モナーブラザーズ\map.cpp(68): warning C4244: '引数': 'float' から 'int' への変換です。データが失われる可能性があります。
c:\users\aruru\desktop\git\team-gaba\モナーブラザーズ\モナーブラザーズ\map.cpp(71): warning C4244: '引数': 'float' から 'int' への変換です。データが失われる可能性があります。
c:\users\aruru\desktop\git\team-gaba\モナーブラザーズ\モナーブラザーズ\map.cpp(74): warning C4244: '引数': 'float' から 'int' への変換です。データが失われる可能性があります。
c:\users\aruru\desktop\git\team-gaba\モナーブラザーズ\モナーブラザーズ\map.cpp(77): warning C4244: '引数': 'float' から 'int' への変換です。データが失われる可能性があります。
c:\users\aruru\desktop\git\team-gaba\モナーブラザーズ\モナーブラザーズ\map.cpp(80): warning C4244: '引数': 'float' から 'int' への変換です。データが失われる可能性があります。
c:\users\aruru\desktop\git\team-gaba\モナーブラザーズ\モナーブラザーズ\map.cpp(83): warning C4244: '引数': 'float' から 'int' への変換です。データが失われる可能性があります。
c:\users\aruru\desktop\git\team-gaba\モナーブラザーズ\モナーブラザーズ\map.cpp(86): warning C4244: '引数': 'float' から 'int' への変換です。データが失われる可能性があります。
c:\users\aruru\desktop\git\team-gaba\モナーブラザーズ\モナーブラザーズ\map.cpp(87): warning C4244: '引数': 'float' から 'int' への変換です。データが失われる可能性があります。
c:\users\aruru\desktop\git\team-gaba\モナーブラザーズ\モナーブラザーズ\map.cpp(90): warning C4244: '引数': 'float' から 'int' への変換です。データが失われる可能性があります。
c:\users\aruru\desktop\git\team-gaba\モナーブラザーズ\モナーブラザーズ\map.cpp(93): warning C4244: '引数': 'float' から 'int' への変換です。データが失われる可能性があります。
c:\users\aruru\desktop\git\team-gaba\モナーブラザーズ\モナーブラザーズ\map.cpp(96): warning C4244: '引数': 'float' から 'int' への変換です。データが失われる可能性があります。
c:\users\aruru\desktop\git\team-gaba\モナーブラザーズ\モナーブラザーズ\map.cpp(99): warning C4244: '引数': 'float' から 'int' への変換です。データが失われる可能性があります。
c:\users\aruru\desktop\git\team-gaba\モナーブラザーズ\モナーブラザーズ\map.cpp(102): warning C4244: '引数': 'float' から 'int' への変換です。データが失われる可能性があります。
c:\users\aruru\desktop\git\team-gaba\モナーブラザーズ\モナーブラザーズ\map.cpp(105): warning C4244: '引数': 'float' から 'int' への変換です。データが失われる可能性があります。
c:\users\aruru\desktop\git\team-gaba\モナーブラザーズ\モナーブラザーズ\map.cpp(108): warning C4244: '引数': 'float' から 'int' への変換です。データが失われる可能性があります。
c:\users\aruru\desktop\git\team-gaba\モナーブラザーズ\モナーブラザーズ\map.cpp(111): warning C4244: '引数': 'float' から 'int' への変換です。データが失われる可能性があります。
c:\users\aruru\desktop\git\team-gaba\モナーブラザーズ\モナーブラザーズ\map.cpp(114): warning C4244: '引数': 'float' から 'int' への変換です。データが失われる可能性があります。
c:\users\aruru\desktop\git\team-gaba\モナーブラザーズ\モナーブラザーズ\map.cpp(117): warning C4244: '引数': 'float' から 'int' への変換です。データが失われる可能性があります。
c:\users\aruru\desktop\git\team-gaba\モナーブラザーズ\モナーブラザーズ\map.cpp(120): warning C4244: '引数': 'float' から 'int' への変換です。データが失われる可能性があります。
c:\users\aruru\desktop\git\team-gaba\モナーブラザーズ\モナーブラザーズ\map.cpp(123): warning C4244: '引数': 'float' から 'int' への変換です。データが失われる可能性があります。
c:\users\aruru\desktop\git\team-gaba\モナーブラザーズ\モナーブラザーズ\map.cpp(126): warning C4244: '引数': 'float' から 'int' への変換です。データが失われる可能性があります。
c:\users\aruru\desktop\git\team-gaba\モナーブラザーズ\モナーブラザーズ\map.cpp(129): warning C4244: '引数': 'float' から 'int' への変換です。データが失われる可能性があります。
c:\users\aruru\desktop\git\team-gaba\モナーブラザーズ\モナーブラザーズ\map.cpp(132): warning C4244: '引数': 'float' から 'int' への変換です。データが失われる可能性があります。
c:\users\aruru\desktop\git\team-gaba\モナーブラザーズ\モナーブラザーズ\map.cpp(135): warning C4244: '引数': 'float' から 'int' への変換です。データが失われる可能性があります。
c:\users\aruru\desktop\git\team-gaba\モナーブラザーズ\モナーブラザーズ\map.cpp(138): warning C4244: '引数': 'float' から 'int' への変換です。データが失われる可能性があります。
c:\users\aruru\desktop\git\team-gaba\モナーブラザーズ\モナーブラザーズ\map.cpp(141): warning C4244: '引数': 'float' から 'int' への変換です。データが失われる可能性があります。
c:\users\aruru\desktop\git\team-gaba\モナーブラザーズ\モナーブラザーズ\map.cpp(144): warning C4244: '引数': 'float' から 'int' への変換です。データが失われる可能性があります。
c:\users\aruru\desktop\git\team-gaba\モナーブラザーズ\モナーブラザーズ\map.cpp(147): warning C4244: '引数': 'float' から 'int' への変換です。データが失われる可能性があります。
c:\users\aruru\desktop\git\team-gaba\モナーブラザーズ\モナーブラザーズ\map.cpp(150): warning C4244: '引数': 'float' から 'int' への変換です。データが失われる可能性があります。
c:\users\aruru\desktop\git\team-gaba\モナーブラザーズ\モナーブラザーズ\map.cpp(153): warning C4244: '引数': 'float' から 'int' への変換です。データが失われる可能性があります。
c:\users\aruru\desktop\git\team-gaba\モナーブラザーズ\モナーブラザーズ\map.cpp(168): warning C4244: '=': 'int' から 'float' への変換です。データが失われる可能性があります。
c:\users\aruru\desktop\git\team-gaba\モナーブラザーズ\モナーブラザーズ\map.cpp(169): warning C4244: '=': 'int' から 'float' への変換です。データが失われる可能性があります。
  player.cpp
c:\users\aruru\desktop\git\team-gaba\モナーブラザーズ\モナーブラザーズ\player.cpp(60): warning C4244: '引数': 'float' から 'int' への変換です。データが失われる可能性があります。
c:\users\aruru\desktop\git\team-gaba\モナーブラザーズ\モナーブラザーズ\player.cpp(61): warning C4244: '引数': 'float' から 'int' への変換です。データが失われる可能性があります。
c:\users\aruru\desktop\git\team-gaba\モナーブラザーズ\モナーブラザーズ\player.cpp(62): warning C4244: '引数': 'float' から 'int' への変換です。データが失われる可能性があります。
c:\users\aruru\desktop\git\team-gaba\モナーブラザーズ\モナーブラザーズ\player.cpp(63): warning C4244: '引数': 'float' から 'int' への変換です。データが失われる可能性があります。
c:\users\aruru\desktop\git\team-gaba\モナーブラザーズ\モナーブラザーズ\player.cpp(64): warning C4244: '引数': 'float' から 'int' への変換です。データが失われる可能性があります。
c:\users\aruru\desktop\git\team-gaba\モナーブラザーズ\モナーブラザーズ\player.cpp(74): warning C4244: '引数': 'float' から 'int' への変換です。データが失われる可能性があります。
c:\users\aruru\desktop\git\team-gaba\モナーブラザーズ\モナーブラザーズ\player.cpp(75): warning C4244: '引数': 'float' から 'int' への変換です。データが失われる可能性があります。
c:\users\aruru\desktop\git\team-gaba\モナーブラザーズ\モナーブラザーズ\player.cpp(76): warning C4244: '引数': 'float' から 'int' への変換です。データが失われる可能性があります。
c:\users\aruru\desktop\git\team-gaba\モナーブラザーズ\モナーブラザーズ\player.cpp(77): warning C4244: '引数': 'float' から 'int' への変換です。データが失われる可能性があります。
c:\users\aruru\desktop\git\team-gaba\モナーブラザーズ\モナーブラザーズ\player.cpp(78): warning C4244: '引数': 'float' から 'int' への変換です。データが失われる可能性があります。
c:\users\aruru\desktop\git\team-gaba\モナーブラザーズ\モナーブラザーズ\player.cpp(123): warning C4305: '+=': 'double' から 'float' へ切り詰めます。
c:\users\aruru\desktop\git\team-gaba\モナーブラザーズ\モナーブラザーズ\player.cpp(134): warning C4305: '+=': 'double' から 'float' へ切り詰めます。
c:\users\aruru\desktop\git\team-gaba\モナーブラザーズ\モナーブラザーズ\player.cpp(145): warning C4305: '+=': 'double' から 'float' へ切り詰めます。
c:\users\aruru\desktop\git\team-gaba\モナーブラザーズ\モナーブラザーズ\player.cpp(154): warning C4305: '+=': 'double' から 'float' へ切り詰めます。
  コードを生成中...
  モナーブラザーズ.vcxproj -> C:\Users\aruru\Desktop\git\team-GABA\モナーブラザーズ\Debug\モナーブラザーズ.exe
